android_driver_app/app/build/outputs/mapping/release/seeds.txt
com.roterizacao.driver.LoginActivity
com.roterizacao.driver.data.models.RoutePoint
com.roterizacao.driver.data.models.ChatMessage
com.roterizacao.driver.RouteListActivity
com.roterizacao.driver.data.models.Route
com.roterizacao.driver.PrivacyPolicyActivity
com.roterizacao.driver.VoiceCallActivity
com.roterizacao.driver.data.api.ApiService
com.roterizacao.driver.VoiceCallActivity$callEndedReceiver$1
com.roterizacao.driver.BaseActivity
com.roterizacao.driver.RouteDetailActivity
com.roterizacao.driver.LocationService
com.roterizacao.driver.data.models.Driver
com.roterizacao.driver.data.models.RoutePoint: java.lang.Double longitude
com.roterizacao.driver.data.models.Route: java.lang.Integer total_points
com.roterizacao.driver.data.models.RoutePoint: java.lang.String id
com.roterizacao.driver.data.models.RoutePoint: java.lang.String status
com.roterizacao.driver.data.models.Route: java.lang.Double final_km
com.roterizacao.driver.data.models.Route: java.lang.String created_at
com.roterizacao.driver.data.models.RoutePoint: java.lang.Double latitude
com.roterizacao.driver.data.models.RoutePoint: java.lang.String observation
com.roterizacao.driver.data.models.ChatMessage: java.lang.String message
com.roterizacao.driver.data.models.Route: java.lang.Double total_weight
com.roterizacao.driver.data.models.Route: java.lang.String route_date
com.roterizacao.driver.data.models.ChatMessage: java.lang.String id
com.roterizacao.driver.data.models.RoutePoint: java.lang.Integer sequence
com.roterizacao.driver.data.models.RoutePoint: java.lang.Boolean is_recurring
com.roterizacao.driver.data.models.Driver: java.lang.String name
com.roterizacao.driver.data.models.Route: java.lang.String status
com.roterizacao.driver.data.models.Route: java.lang.Integer points_count
com.roterizacao.driver.data.models.RoutePoint: java.lang.Double weight
com.roterizacao.driver.data.models.RoutePoint: java.lang.String client_name
com.roterizacao.driver.data.models.RoutePoint: java.lang.String completed_at
com.roterizacao.driver.data.models.Route: java.lang.String id
com.roterizacao.driver.data.models.RoutePoint: java.lang.Double actual_weight
com.roterizacao.driver.data.models.Driver: java.lang.String id
com.roterizacao.driver.data.models.Driver: java.lang.String photo_url
com.roterizacao.driver.data.models.ChatMessage: java.lang.String route_id
com.roterizacao.driver.data.models.Driver: java.lang.Boolean active
com.roterizacao.driver.data.models.ChatMessage: java.lang.String created_at
com.roterizacao.driver.data.models.RoutePoint: java.lang.String visited_at
com.roterizacao.driver.data.models.Route: java.lang.String name
com.roterizacao.driver.data.models.Route: java.lang.String vehicle_plate
com.roterizacao.driver.data.models.ChatMessage: java.lang.String sender_type
com.roterizacao.driver.data.models.RoutePoint: java.lang.String cost_vector_name
com.roterizacao.driver.data.models.Route: java.lang.Integer total_time
com.roterizacao.driver.data.models.Driver: java.lang.String cpf
com.roterizacao.driver.data.models.Route: com.roterizacao.driver.data.models.Driver driver
com.roterizacao.driver.data.models.Route: java.util.List route_points
com.roterizacao.driver.data.models.RoutePoint: java.lang.String address
com.roterizacao.driver.data.models.Route: java.lang.Double total_distance_km
com.roterizacao.driver.data.models.Driver: java.lang.String getCpf()
com.roterizacao.driver.data.models.RoutePoint: java.lang.Boolean component10()
com.roterizacao.driver.data.models.Route: java.lang.Integer getTotal_time()
com.roterizacao.driver.data.models.Route: java.lang.Double getTotal_weight()
com.roterizacao.driver.data.models.Route: com.roterizacao.driver.data.models.Driver getDriver()
com.roterizacao.driver.data.models.Route: java.lang.String component2()
com.roterizacao.driver.data.models.ChatMessage: java.lang.String component5()
...
okhttp3.internal.http2.Settings$Companion
okhttp3.internal.concurrent.TaskQueue
okhttp3.Cache
org.webrtc.ResolutionAdjustment
com.google.gson.internal.Primitives
org.webrtc.VideoFrameDrawer$1
com.squareup.picasso.PicassoExecutorService$PicassoFutureTask
org.webrtc.SimulcastVideoEncoderFactory
org.webrtc.StatsReport
com.google.gson.internal.bind.TypeAdapters$1
androidx.appcompat.widget.AppCompatMultiAutoCompleteTextView
com.google.gson.internal.bind.TypeAdapters
okhttp3.internal.ws.RealWebSocket$Companion
retrofit2.http.FormUrlEncoded
org.webrtc.VideoEncoder$ResolutionBitrateLimits
org.webrtc.FileVideoCapturer$1
me.leolin.shortcutbadger.impl.NewHtcHomeBadger
com.google.android.material.datepicker.CalendarConstraints$DateValidator
org.webrtc.CalledByNative
com.google.android.material.floatingactionbutton.FloatingActionButton$Behavior
okhttp3.internal.platform.android.AndroidLogHandler
okhttp3.Response
com.google.android.material.floatingactionbutton.ExtendedFloatingActionButton
okhttp3.internal.HostnamesKt
androidx.viewpager2.adapter.FragmentStateAdapter$FragmentMaxLifecycleEnforcer$3
org.webrtc.ThreadUtils$ThreadChecker
com.google.android.material.internal.ScrimInsetsFrameLayout
org.webrtc.EglBase14
org.webrtc.FrameEncryptor
com.google.android.material.navigation.NavigationBarView$SavedState
com.squareup.picasso.Dispatcher$DispatcherThread
androidx.appcompat.widget.ActionMenuView
com.google.gson.internal.bind.TypeAdapters$18
org.webrtc.voiceengine.WebRtcAudioManager$VolumeLogger
org.webrtc.IceCandidate
com.squareup.picasso.Picasso$1
com.google.android.material.timepicker.ChipTextInputComboView
androidx.constraintlayout.widget.ConstraintHelper
okhttp3.internal.ws.RealWebSocket$initReaderAndWriter$lambda-3$$inlined$schedule$1
retrofit2.ParameterHandler$QueryMap
androidx.appcompat.widget.ActionMenuPresenter$SavedState
okhttp3.internal.connection.RealCall$timeout$1
androidx.viewpager2.adapter.FragmentStateAdapter$5
org.webrtc.voiceengine.WebRtcAudioRecord$AudioRecordThread
org.webrtc.voiceengine.WebRtcAudioManager$VolumeLogger$LogVolumeTask
org.webrtc.NetworkControllerFactoryFactory
retrofit2.http.Path
com.google.android.material.internal.ForegroundLinearLayout
org.webrtc.TextureBufferImpl
org.webrtc.ExternalAudioProcessingFactory$AudioProcessing
com.google.gson.annotations.Since
okhttp3.internal.http.RealInterceptorChain
okhttp3.Headers
androidx.appcompat.widget.FitWindowsLinearLayout
com.squareup.picasso.GetAction
okhttp3.MultipartReader
org.webrtc.DataChannel$State
com.google.android.material.snackbar.BaseTransientBottomBar$Behavior
com.squareup.picasso.Picasso
okhttp3.internal.io.FileSystem$Companion
androidx.profileinstaller.ProfileInstallerInitializer
org.webrtc.FecControllerFactoryFactoryInterface
okhttp3.internal.http1.Http1ExchangeCodec$AbstractSource
androidx.constraintlayout.utils.widget.ImageFilterButton
okhttp3.Authenticator$Companion$AuthenticatorNone
okhttp3.internal.http2.Http2Reader$Companion
me.leolin.shortcutbadger.impl.AdwHomeBadger
com.google.android.material.chip.Chip
org.webrtc.CameraEnumerationAndroid$1
com.google.gson.internal.bind.TypeAdapters$10
org.webrtc.VideoEncoderFactory
okhttp3.Request
okhttp3.internal.http2.Header$Companion
com.google.gson.internal.bind.TypeAdapters$7
retrofit2.HttpServiceMethod$SuspendForResponse
androidx.appcompat.widget.AppCompatSpinner
retrofit2.ParameterHandler$Body
com.google.gson.internal.Excluder
com.google.gson.internal.bind.TreeTypeAdapter$SingleTypeFactory
com.google.gson.FieldNamingPolicy$2
org.webrtc.audio.LegacyAudioDeviceModule
com.google.android.material.transformation.ExpandableBehavior
com.google.android.material.bottomsheet.BottomSheetDragHandleView
okhttp3.internal.concurrent.TaskQueue$execute$1
org.webrtc.EglThread$HandlerWithExceptionCallbacks
com.google.gson.internal.bind.TypeAdapters$21
okhttp3.internal.cache.DiskLruCache
org.webrtc.FrameDecryptor
androidx.viewpager.widget.ViewPager
okhttp3.internal.http1.Http1ExchangeCodec$ChunkedSource