android_driver_app/app/build/outputs/mapping/release/usage.txt
com.roterizacao.driver.LocationService$Companion:
    public final void setInstance(com.roterizacao.driver.LocationService)
com.roterizacao.driver.LocationService:
    public static final synthetic void access$setInstance$cp(com.roterizacao.driver.LocationService)
com.roterizacao.driver.R$anim:
    private void <init>()
com.roterizacao.driver.R$color:
    public static int accent
    public static int background
    public static int background_dark
    public static int black
    public static int blue
    public static int blue_dark
    public static int blue_primary
    public static int bottom_nav_item_color
    public static int call_background
    public static int call_green
    public static int call_red
    public static int error
    public static int gray_light
    public static int green
    public static int primary_light
    public static int purple_200
    public static int purple_500
    public static int purple_700
    public static int red
    public static int teal_200
    public static int teal_700
    public static int text_on_primary
    public static int warning
    public static int white
    public static int white_30
    public static int white_70
    public static int white_alpha_60
    private void <init>()
com.roterizacao.driver.R$drawable:
    public static int bg_call_gradient
    public static int circle_avatar_bg
    public static int circle_button_green
    public static int circle_button_red
    public static int circle_button_white
    public static int circle_glass_bg
    public static int circle_pulse_bg
    public static int ic_call_end
    public static int ic_chat
    public static int ic_check
    public static int ic_home
    public static int ic_launcher_background
    public static int ic_person
    public static int ic_refresh
    private void <init>()
com.roterizacao.driver.R$id:
    public static int avatarCircle
    public static int buttonsContainer
    public static int chatRecyclerView
    public static int emailInput
    public static int emailLayout
    public static int loginButton
    public static int logoImage
    public static int messageInput
    public static int passwordInput
    public static int passwordLayout
    public static int pulseCircle
    public static int sendButton
    public static int welcomeText
    private void <init>()
com.roterizacao.driver.R$layout:
    public static int activity_login
    public static int dialog_chat_bottom_sheet
    private void <init>()
com.roterizacao.driver.R$menu
com.roterizacao.driver.R$mipmap:
    public static int ic_launcher_foreground
    private void <init>()
com.roterizacao.driver.R$style
com.roterizacao.driver.R
com.roterizacao.driver.RouteDetailActivity$createFooterView$3
com.roterizacao.driver.RouteDetailActivity$createFooterView$6
com.roterizacao.driver.RouteDetailActivity$showChatDialog$2$1
com.roterizacao.driver.RouteDetailActivity$showChatDialogOld$2$1
...
androidx.customview.widget.FocusStrategy:
    private void <init>()
androidx.customview.widget.Openable
androidx.customview.widget.ViewDragHelper:
    private static final int BASE_SETTLE_DURATION
    public static final int DIRECTION_ALL
    public static final int DIRECTION_HORIZONTAL
    public static final int DIRECTION_VERTICAL
    public static final int EDGE_ALL
    public static final int EDGE_BOTTOM
    public static final int EDGE_LEFT
    public static final int EDGE_RIGHT
    private static final int EDGE_SIZE
    public static final int EDGE_TOP
    public static final int INVALID_POINTER
    private static final int MAX_SETTLE_DURATION
    public static final int STATE_DRAGGING
    public static final int STATE_IDLE
    public static final int STATE_SETTLING
    private static final java.lang.String TAG
    public void abort()
    protected boolean canScroll(android.view.View,boolean,int,int,int,int)
    public void flingCapturedView(int,int,int,int)
    public int getActivePointerId()
    public float getMinVelocity()
    public boolean isEdgeTouched(int)
    public boolean isEdgeTouched(int,int)
androidx.documentfile.R
androidx.documentfile.provider.DocumentFile
androidx.documentfile.provider.DocumentsContractApi19
androidx.documentfile.provider.RawDocumentFile
androidx.documentfile.provider.SingleDocumentFile
androidx.documentfile.provider.TreeDocumentFile
androidx.drawerlayout.R$attr:
    public static int alpha
    public static int elevation
    public static int font
    public static int fontProviderAuthority
    public static int fontProviderCerts
    public static int fontProviderFetchStrategy
    public static int fontProviderFetchTimeout
    public static int fontProviderPackage
    public static int fontProviderQuery
    public static int fontStyle
    public static int fontVariationSettings
    public static int fontWeight
    public static int ttcIndex
    private void <init>()
androidx.drawerlayout.R$color
androidx.drawerlayout.R$dimen:
    public static int compat_button_inset_horizontal_material
    public static int compat_button_inset_vertical_material
    public static int compat_button_padding_horizontal_material
    public static int compat_button_padding_vertical_material
    public static int compat_control_corner_material
    public static int compat_notification_large_icon_max_height
    public static int compat_notification_large_icon_max_width
    public static int notification_action_icon_size
    public static int notification_action_text_size
    public static int notification_big_circle_margin
    public static int notification_content_margin_start
    public static int notification_large_icon_height
    public static int notification_large_icon_width
    public static int notification_main_column_padding_top
    public static int notification_media_narrow_margin
    public static int notification_right_icon_size
    public static int notification_right_side_padding_top
    public static int notification_small_icon_background_padding
    public static int notification_small_icon_size_as_large
    public static int notification_subtext_size
    public static int notification_top_pad
    public static int notification_top_pad_large_text
    private void <init>()
androidx.drawerlayout.R$drawable
androidx.drawerlayout.R$id
androidx.drawerlayout.R$integer
androidx.drawerlayout.R$layout
androidx.drawerlayout.R$string
androidx.drawerlayout.R$style